02-Mar-2023 21:57:59.881 INFO [main] org.apache.catalina.startup.VersionLoggerListener.log 서버 버전 이름:    Apache Tomcat/10.1.6
02-Mar-2023 21:57:59.883 INFO [main] org.apache.catalina.startup.VersionLoggerListener.log Server 빌드 시각:  Feb 19 2023 13:23:52 UTC
02-Mar-2023 21:57:59.883 INFO [main] org.apache.catalina.startup.VersionLoggerListener.log Server 버전 번호:  10.1.6.0
02-Mar-2023 21:57:59.883 INFO [main] org.apache.catalina.startup.VersionLoggerListener.log 운영체제 이름:     Mac OS X
02-Mar-2023 21:57:59.883 INFO [main] org.apache.catalina.startup.VersionLoggerListener.log 운영체제 버전:     13.2.1
02-Mar-2023 21:57:59.883 INFO [main] org.apache.catalina.startup.VersionLoggerListener.log 아키텍처:          aarch64
02-Mar-2023 21:57:59.883 INFO [main] org.apache.catalina.startup.VersionLoggerListener.log 자바 홈:           /Users/carefreelife/Library/Java/JavaVirtualMachines/openjdk-19.0.2/Contents/Home
02-Mar-2023 21:57:59.883 INFO [main] org.apache.catalina.startup.VersionLoggerListener.log JVM 버전:          19.0.2+7-44
02-Mar-2023 21:57:59.883 INFO [main] org.apache.catalina.startup.VersionLoggerListener.log JVM 벤더:          Oracle Corporation
02-Mar-2023 21:57:59.884 INFO [main] org.apache.catalina.startup.VersionLoggerListener.log CATALINA_BASE:     /Users/carefreelife/Desktop/SpringBoot/apache-tomcat-10.1.6
02-Mar-2023 21:57:59.884 INFO [main] org.apache.catalina.startup.VersionLoggerListener.log CATALINA_HOME:     /Users/carefreelife/Desktop/SpringBoot/apache-tomcat-10.1.6
02-Mar-2023 21:57:59.892 INFO [main] org.apache.catalina.startup.VersionLoggerListener.log 명령 행 아규먼트:  -Djava.util.logging.config.file=/Users/carefreelife/Desktop/SpringBoot/apache-tomcat-10.1.6/conf/logging.properties
02-Mar-2023 21:57:59.892 INFO [main] org.apache.catalina.startup.VersionLoggerListener.log 명령 행 아규먼트:  -Djava.util.logging.manager=org.apache.juli.ClassLoaderLogManager
02-Mar-2023 21:57:59.892 INFO [main] org.apache.catalina.startup.VersionLoggerListener.log 명령 행 아규먼트:  -Djdk.tls.ephemeralDHKeySize=2048
02-Mar-2023 21:57:59.892 INFO [main] org.apache.catalina.startup.VersionLoggerListener.log 명령 행 아규먼트:  -Dorg.apache.catalina.security.SecurityListener.UMASK=0027
02-Mar-2023 21:57:59.892 INFO [main] org.apache.catalina.startup.VersionLoggerListener.log 명령 행 아규먼트:  --add-opens=java.base/java.lang=ALL-UNNAMED
02-Mar-2023 21:57:59.892 INFO [main] org.apache.catalina.startup.VersionLoggerListener.log 명령 행 아규먼트:  --add-opens=java.base/java.io=ALL-UNNAMED
02-Mar-2023 21:57:59.892 INFO [main] org.apache.catalina.startup.VersionLoggerListener.log 명령 행 아규먼트:  --add-opens=java.base/java.util=ALL-UNNAMED
02-Mar-2023 21:57:59.892 INFO [main] org.apache.catalina.startup.VersionLoggerListener.log 명령 행 아규먼트:  --add-opens=java.base/java.util.concurrent=ALL-UNNAMED
02-Mar-2023 21:57:59.893 INFO [main] org.apache.catalina.startup.VersionLoggerListener.log 명령 행 아규먼트:  --add-opens=java.rmi/sun.rmi.transport=ALL-UNNAMED
02-Mar-2023 21:57:59.893 INFO [main] org.apache.catalina.startup.VersionLoggerListener.log 명령 행 아규먼트:  -Dcatalina.base=/Users/carefreelife/Desktop/SpringBoot/apache-tomcat-10.1.6
02-Mar-2023 21:57:59.893 INFO [main] org.apache.catalina.startup.VersionLoggerListener.log 명령 행 아규먼트:  -Dcatalina.home=/Users/carefreelife/Desktop/SpringBoot/apache-tomcat-10.1.6
02-Mar-2023 21:57:59.893 INFO [main] org.apache.catalina.startup.VersionLoggerListener.log 명령 행 아규먼트:  -Djava.io.tmpdir=/Users/carefreelife/Desktop/SpringBoot/apache-tomcat-10.1.6/temp
02-Mar-2023 21:57:59.897 INFO [main] org.apache.catalina.core.AprLifecycleListener.lifecycleEvent 프로덕션 환경들에서 최적의 성능을 제공하는, APR 기반 Apache Tomcat Native 라이브러리가, 다음 java.library.path에서 발견되지 않습니다: [/Users/carefreelife/Library/Java/Extensions:/Library/Java/Extensions:/Network/Library/Java/Extensions:/System/Library/Java/Extensions:/usr/lib/java:.]
02-Mar-2023 21:58:00.055 INFO [main] org.apache.coyote.AbstractProtocol.init 프로토콜 핸들러 ["http-nio-8080"]을(를) 초기화합니다.
02-Mar-2023 21:58:00.067 INFO [main] org.apache.catalina.startup.Catalina.load [271] 밀리초 내에 서버가 초기화되었습니다.
02-Mar-2023 21:58:00.085 INFO [main] org.apache.catalina.core.StandardService.startInternal 서비스 [Catalina]을(를) 시작합니다.
02-Mar-2023 21:58:00.085 INFO [main] org.apache.catalina.core.StandardEngine.startInternal 서버 엔진을 시작합니다: [Apache Tomcat/10.1.6]
02-Mar-2023 21:58:00.089 INFO [main] org.apache.catalina.startup.HostConfig.deployDirectory 웹 애플리케이션 디렉토리 [/Users/carefreelife/Desktop/SpringBoot/apache-tomcat-10.1.6/webapps/docs]을(를) 배치합니다.
02-Mar-2023 21:58:00.218 INFO [main] org.apache.catalina.startup.HostConfig.deployDirectory 웹 애플리케이션 디렉토리 [/Users/carefreelife/Desktop/SpringBoot/apache-tomcat-10.1.6/webapps/docs]에 대한 배치가 [127] 밀리초에 완료되었습니다.
02-Mar-2023 21:58:00.218 INFO [main] org.apache.catalina.startup.HostConfig.deployDirectory 웹 애플리케이션 디렉토리 [/Users/carefreelife/Desktop/SpringBoot/apache-tomcat-10.1.6/webapps/manager]을(를) 배치합니다.
02-Mar-2023 21:58:00.236 INFO [main] org.apache.catalina.startup.HostConfig.deployDirectory 웹 애플리케이션 디렉토리 [/Users/carefreelife/Desktop/SpringBoot/apache-tomcat-10.1.6/webapps/manager]에 대한 배치가 [18] 밀리초에 완료되었습니다.
02-Mar-2023 21:58:00.236 INFO [main] org.apache.catalina.startup.HostConfig.deployDirectory 웹 애플리케이션 디렉토리 [/Users/carefreelife/Desktop/SpringBoot/apache-tomcat-10.1.6/webapps/examples]을(를) 배치합니다.
02-Mar-2023 21:58:00.352 INFO [main] org.apache.catalina.startup.HostConfig.deployDirectory 웹 애플리케이션 디렉토리 [/Users/carefreelife/Desktop/SpringBoot/apache-tomcat-10.1.6/webapps/examples]에 대한 배치가 [116] 밀리초에 완료되었습니다.
02-Mar-2023 21:58:00.352 INFO [main] org.apache.catalina.startup.HostConfig.deployDirectory 웹 애플리케이션 디렉토리 [/Users/carefreelife/Desktop/SpringBoot/apache-tomcat-10.1.6/webapps/ROOT]을(를) 배치합니다.
02-Mar-2023 21:58:00.360 INFO [main] org.apache.catalina.startup.HostConfig.deployDirectory 웹 애플리케이션 디렉토리 [/Users/carefreelife/Desktop/SpringBoot/apache-tomcat-10.1.6/webapps/ROOT]에 대한 배치가 [8] 밀리초에 완료되었습니다.
02-Mar-2023 21:58:00.360 INFO [main] org.apache.catalina.startup.HostConfig.deployDirectory 웹 애플리케이션 디렉토리 [/Users/carefreelife/Desktop/SpringBoot/apache-tomcat-10.1.6/webapps/host-manager]을(를) 배치합니다.
02-Mar-2023 21:58:00.369 INFO [main] org.apache.catalina.startup.HostConfig.deployDirectory 웹 애플리케이션 디렉토리 [/Users/carefreelife/Desktop/SpringBoot/apache-tomcat-10.1.6/webapps/host-manager]에 대한 배치가 [9] 밀리초에 완료되었습니다.
02-Mar-2023 21:58:00.370 INFO [main] org.apache.coyote.AbstractProtocol.start 프로토콜 핸들러 ["http-nio-8080"]을(를) 시작합니다.
02-Mar-2023 21:58:00.375 INFO [main] org.apache.catalina.startup.Catalina.start 서버가 [307] 밀리초 내에 시작되었습니다.
02-Mar-2023 22:01:01.038 INFO [Catalina-utility-1] org.apache.catalina.startup.HostConfig.undeploy 컨텍스트 []의 배치를 제거합니다.
02-Mar-2023 22:01:01.573 INFO [Catalina-utility-1] org.apache.catalina.startup.HostConfig.undeploy 컨텍스트 [/examples]의 배치를 제거합니다.
02-Mar-2023 22:01:02.098 INFO [Catalina-utility-1] org.apache.catalina.startup.HostConfig.undeploy 컨텍스트 [/host-manager]의 배치를 제거합니다.
02-Mar-2023 22:01:02.617 INFO [Catalina-utility-1] org.apache.catalina.startup.HostConfig.undeploy 컨텍스트 [/manager]의 배치를 제거합니다.
02-Mar-2023 22:01:03.144 INFO [Catalina-utility-1] org.apache.catalina.startup.HostConfig.undeploy 컨텍스트 [/docs]의 배치를 제거합니다.
02-Mar-2023 22:22:52.831 INFO [main] org.apache.catalina.core.StandardServer.await 셧다운 포트를 통해 유효한 셧다운 명령을 받았습니다. 서버 인스턴스를 중지시킵니다.
02-Mar-2023 22:22:52.831 INFO [main] org.apache.coyote.AbstractProtocol.pause 프로토콜 핸들러 ["http-nio-8080"]을(를) 일시 정지 중
02-Mar-2023 22:22:52.833 INFO [main] org.apache.catalina.core.StandardService.stopInternal 서비스 [Catalina]을(를) 중지시킵니다.
02-Mar-2023 22:22:52.834 INFO [main] org.apache.coyote.AbstractProtocol.stop 프로토콜 핸들러 ["http-nio-8080"]을(를) 중지시킵니다.
02-Mar-2023 22:22:52.835 INFO [main] org.apache.coyote.AbstractProtocol.destroy 프로토콜 핸들러 ["http-nio-8080"]을(를) 소멸시킵니다.
02-Mar-2023 22:29:58.729 INFO [main] org.apache.catalina.startup.VersionLoggerListener.log 서버 버전 이름:    Apache Tomcat/10.1.6
02-Mar-2023 22:29:58.731 INFO [main] org.apache.catalina.startup.VersionLoggerListener.log Server 빌드 시각:  Feb 19 2023 13:23:52 UTC
02-Mar-2023 22:29:58.731 INFO [main] org.apache.catalina.startup.VersionLoggerListener.log Server 버전 번호:  10.1.6.0
02-Mar-2023 22:29:58.731 INFO [main] org.apache.catalina.startup.VersionLoggerListener.log 운영체제 이름:     Mac OS X
02-Mar-2023 22:29:58.731 INFO [main] org.apache.catalina.startup.VersionLoggerListener.log 운영체제 버전:     13.2.1
02-Mar-2023 22:29:58.731 INFO [main] org.apache.catalina.startup.VersionLoggerListener.log 아키텍처:          aarch64
02-Mar-2023 22:29:58.731 INFO [main] org.apache.catalina.startup.VersionLoggerListener.log 자바 홈:           /Users/carefreelife/Library/Java/JavaVirtualMachines/openjdk-19.0.2/Contents/Home
02-Mar-2023 22:29:58.731 INFO [main] org.apache.catalina.startup.VersionLoggerListener.log JVM 버전:          19.0.2+7-44
02-Mar-2023 22:29:58.731 INFO [main] org.apache.catalina.startup.VersionLoggerListener.log JVM 벤더:          Oracle Corporation
02-Mar-2023 22:29:58.731 INFO [main] org.apache.catalina.startup.VersionLoggerListener.log CATALINA_BASE:     /Users/carefreelife/Desktop/SpringBoot/apache-tomcat-10.1.6
02-Mar-2023 22:29:58.731 INFO [main] org.apache.catalina.startup.VersionLoggerListener.log CATALINA_HOME:     /Users/carefreelife/Desktop/SpringBoot/apache-tomcat-10.1.6
02-Mar-2023 22:29:58.741 INFO [main] org.apache.catalina.startup.VersionLoggerListener.log 명령 행 아규먼트:  -Djava.util.logging.config.file=/Users/carefreelife/Desktop/SpringBoot/apache-tomcat-10.1.6/conf/logging.properties
02-Mar-2023 22:29:58.742 INFO [main] org.apache.catalina.startup.VersionLoggerListener.log 명령 행 아규먼트:  -Djava.util.logging.manager=org.apache.juli.ClassLoaderLogManager
02-Mar-2023 22:29:58.742 INFO [main] org.apache.catalina.startup.VersionLoggerListener.log 명령 행 아규먼트:  -Djdk.tls.ephemeralDHKeySize=2048
02-Mar-2023 22:29:58.742 INFO [main] org.apache.catalina.startup.VersionLoggerListener.log 명령 행 아규먼트:  -Dorg.apache.catalina.security.SecurityListener.UMASK=0027
02-Mar-2023 22:29:58.742 INFO [main] org.apache.catalina.startup.VersionLoggerListener.log 명령 행 아규먼트:  --add-opens=java.base/java.lang=ALL-UNNAMED
02-Mar-2023 22:29:58.742 INFO [main] org.apache.catalina.startup.VersionLoggerListener.log 명령 행 아규먼트:  --add-opens=java.base/java.io=ALL-UNNAMED
02-Mar-2023 22:29:58.742 INFO [main] org.apache.catalina.startup.VersionLoggerListener.log 명령 행 아규먼트:  --add-opens=java.base/java.util=ALL-UNNAMED
02-Mar-2023 22:29:58.742 INFO [main] org.apache.catalina.startup.VersionLoggerListener.log 명령 행 아규먼트:  --add-opens=java.base/java.util.concurrent=ALL-UNNAMED
02-Mar-2023 22:29:58.742 INFO [main] org.apache.catalina.startup.VersionLoggerListener.log 명령 행 아규먼트:  --add-opens=java.rmi/sun.rmi.transport=ALL-UNNAMED
02-Mar-2023 22:29:58.742 INFO [main] org.apache.catalina.startup.VersionLoggerListener.log 명령 행 아규먼트:  -Dcatalina.base=/Users/carefreelife/Desktop/SpringBoot/apache-tomcat-10.1.6
02-Mar-2023 22:29:58.742 INFO [main] org.apache.catalina.startup.VersionLoggerListener.log 명령 행 아규먼트:  -Dcatalina.home=/Users/carefreelife/Desktop/SpringBoot/apache-tomcat-10.1.6
02-Mar-2023 22:29:58.742 INFO [main] org.apache.catalina.startup.VersionLoggerListener.log 명령 행 아규먼트:  -Djava.io.tmpdir=/Users/carefreelife/Desktop/SpringBoot/apache-tomcat-10.1.6/temp
02-Mar-2023 22:29:58.746 INFO [main] org.apache.catalina.core.AprLifecycleListener.lifecycleEvent 프로덕션 환경들에서 최적의 성능을 제공하는, APR 기반 Apache Tomcat Native 라이브러리가, 다음 java.library.path에서 발견되지 않습니다: [/Users/carefreelife/Library/Java/Extensions:/Library/Java/Extensions:/Network/Library/Java/Extensions:/System/Library/Java/Extensions:/usr/lib/java:.]
02-Mar-2023 22:29:58.898 INFO [main] org.apache.coyote.AbstractProtocol.init 프로토콜 핸들러 ["http-nio-8080"]을(를) 초기화합니다.
02-Mar-2023 22:29:58.909 INFO [main] org.apache.catalina.startup.Catalina.load [259] 밀리초 내에 서버가 초기화되었습니다.
02-Mar-2023 22:29:58.925 INFO [main] org.apache.catalina.core.StandardService.startInternal 서비스 [Catalina]을(를) 시작합니다.
02-Mar-2023 22:29:58.925 INFO [main] org.apache.catalina.core.StandardEngine.startInternal 서버 엔진을 시작합니다: [Apache Tomcat/10.1.6]
02-Mar-2023 22:29:58.929 INFO [main] org.apache.catalina.startup.HostConfig.deployDirectory 웹 애플리케이션 디렉토리 [/Users/carefreelife/Desktop/SpringBoot/apache-tomcat-10.1.6/webapps/ROOT.war]을(를) 배치합니다.
02-Mar-2023 22:29:59.069 INFO [main] org.apache.jasper.servlet.TldScanner.scanJars 적어도 하나의 JAR가 TLD들을 찾기 위해 스캔되었으나 아무 것도 찾지 못했습니다. 스캔했으나 TLD가 없는 JAR들의 전체 목록을 보시려면, 로그 레벨을 디버그 레벨로 설정하십시오. 스캔 과정에서 불필요한 JAR들을 건너뛰면, 시스템 시작 시간과 JSP 컴파일 시간을 단축시킬 수 있습니다.
02-Mar-2023 22:29:59.086 INFO [main] org.apache.catalina.startup.HostConfig.deployDirectory 웹 애플리케이션 디렉토리 [/Users/carefreelife/Desktop/SpringBoot/apache-tomcat-10.1.6/webapps/ROOT.war]에 대한 배치가 [156] 밀리초에 완료되었습니다.
02-Mar-2023 22:29:59.087 INFO [main] org.apache.coyote.AbstractProtocol.start 프로토콜 핸들러 ["http-nio-8080"]을(를) 시작합니다.
02-Mar-2023 22:29:59.092 INFO [main] org.apache.catalina.startup.Catalina.start 서버가 [182] 밀리초 내에 시작되었습니다.
02-Mar-2023 22:34:39.786 INFO [Catalina-utility-1] org.apache.catalina.startup.HostConfig.undeploy 컨텍스트 [/ROOT.war]의 배치를 제거합니다.
02-Mar-2023 22:36:12.849 INFO [main] org.apache.catalina.core.StandardServer.await 셧다운 포트를 통해 유효한 셧다운 명령을 받았습니다. 서버 인스턴스를 중지시킵니다.
02-Mar-2023 22:36:12.849 INFO [main] org.apache.coyote.AbstractProtocol.pause 프로토콜 핸들러 ["http-nio-8080"]을(를) 일시 정지 중
02-Mar-2023 22:36:12.851 INFO [main] org.apache.catalina.core.StandardService.stopInternal 서비스 [Catalina]을(를) 중지시킵니다.
02-Mar-2023 22:36:12.852 INFO [main] org.apache.coyote.AbstractProtocol.stop 프로토콜 핸들러 ["http-nio-8080"]을(를) 중지시킵니다.
02-Mar-2023 22:36:12.853 INFO [main] org.apache.coyote.AbstractProtocol.destroy 프로토콜 핸들러 ["http-nio-8080"]을(를) 소멸시킵니다.
